d:\project\cv\facefinder\lib\opencv450\modules\videoio\opencv_videoio.dir\release\backend_static.obj
d:\project\cv\facefinder\lib\opencv450\modules\videoio\opencv_videoio.dir\release\cap_mjpeg_decoder.obj
d:\project\cv\facefinder\lib\opencv450\modules\videoio\opencv_videoio.dir\release\videoio_c.obj
d:\project\cv\facefinder\lib\opencv450\modules\videoio\opencv_videoio.dir\release\cap_dshow.obj
d:\project\cv\facefinder\lib\opencv450\modules\videoio\opencv_videoio.dir\release\cap_mjpeg_encoder.obj
d:\project\cv\facefinder\lib\opencv450\modules\videoio\opencv_videoio.dir\release\cap.obj
d:\project\cv\facefinder\lib\opencv450\modules\videoio\opencv_videoio.dir\release\cap_msmf.obj
d:\project\cv\facefinder\lib\opencv450\modules\videoio\opencv_videoio.dir\release\container_avi.obj
d:\project\cv\facefinder\lib\opencv450\modules\videoio\opencv_videoio.dir\release\cap_images.obj
d:\project\cv\facefinder\lib\opencv450\modules\videoio\opencv_videoio.dir\release\videoio_registry.obj
d:\project\cv\facefinder\lib\opencv450\modules\videoio\opencv_videoio.dir\release\backend_plugin.obj
d:\project\cv\facefinder\lib\opencv450\modules\videoio\opencv_videoio.dir\release\opencv_videoio_pch.obj
d:\project\cv\facefinder\lib\opencv450\modules\lib\release-x64\opencv_videoio450.lib
d:\project\cv\facefinder\lib\opencv450\modules\videoio\opencv_videoio.dir\release\vs_version.res
d:\project\cv\facefinder\lib\opencv450\modules\videoio\..\lib\release-x64\opencv_videoio450.lib
d:\project\cv\facefinder\lib\opencv450\modules\videoio\opencv_videoio.dir\release\opencv_videoio.tlog\cl.command.1.tlog
d:\project\cv\facefinder\lib\opencv450\modules\videoio\opencv_videoio.dir\release\opencv_videoio.tlog\cl.read.1.tlog
d:\project\cv\facefinder\lib\opencv450\modules\videoio\opencv_videoio.dir\release\opencv_videoio.tlog\cl.write.1.tlog
d:\project\cv\facefinder\lib\opencv450\modules\videoio\opencv_videoio.dir\release\opencv_videoio.tlog\lib-link-cvtres.read.1.tlog
d:\project\cv\facefinder\lib\opencv450\modules\videoio\opencv_videoio.dir\release\opencv_videoio.tlog\lib-link-cvtres.write.1.tlog
d:\project\cv\facefinder\lib\opencv450\modules\videoio\opencv_videoio.dir\release\opencv_videoio.tlog\lib.command.1.tlog
d:\project\cv\facefinder\lib\opencv450\modules\videoio\opencv_videoio.dir\release\opencv_videoio.tlog\rc.command.1.tlog
d:\project\cv\facefinder\lib\opencv450\modules\videoio\opencv_videoio.dir\release\opencv_videoio.tlog\rc.read.1.tlog
d:\project\cv\facefinder\lib\opencv450\modules\videoio\opencv_videoio.dir\release\opencv_videoio.tlog\rc.write.1.tlog
