d:\project\cv\facefinder\lib\opencv450\modules\objdetect\opencv_objdetect.dir\release\opencv_objdetect_main.obj
d:\project\cv\facefinder\lib\opencv450\modules\objdetect\opencv_objdetect.dir\release\cascadedetect_convert.obj
d:\project\cv\facefinder\lib\opencv450\modules\objdetect\opencv_objdetect.dir\release\opencl_kernels_objdetect.obj
d:\project\cv\facefinder\lib\opencv450\modules\objdetect\opencv_objdetect.dir\release\detection_based_tracker.obj
d:\project\cv\facefinder\lib\opencv450\modules\objdetect\opencv_objdetect.dir\release\main.obj
d:\project\cv\facefinder\lib\opencv450\modules\objdetect\opencv_objdetect.dir\release\cascadedetect.obj
d:\project\cv\facefinder\lib\opencv450\modules\objdetect\opencv_objdetect.dir\release\qrcode.obj
d:\project\cv\facefinder\lib\opencv450\modules\objdetect\opencv_objdetect.dir\release\hog.obj
d:\project\cv\facefinder\lib\opencv450\modules\objdetect\opencv_objdetect.dir\release\opencv_objdetect_pch.obj
d:\project\cv\facefinder\lib\opencv450\modules\lib\release-x64\opencv_objdetect450.lib
d:\project\cv\facefinder\lib\opencv450\modules\objdetect\opencv_objdetect.dir\release\vs_version.res
d:\project\cv\facefinder\lib\opencv450\modules\objdetect\..\lib\release-x64\opencv_objdetect450.lib
d:\project\cv\facefinder\lib\opencv450\modules\objdetect\opencv_objdetect.dir\release\opencv_objdetect.tlog\cl.command.1.tlog
d:\project\cv\facefinder\lib\opencv450\modules\objdetect\opencv_objdetect.dir\release\opencv_objdetect.tlog\cl.read.1.tlog
d:\project\cv\facefinder\lib\opencv450\modules\objdetect\opencv_objdetect.dir\release\opencv_objdetect.tlog\cl.write.1.tlog
d:\project\cv\facefinder\lib\opencv450\modules\objdetect\opencv_objdetect.dir\release\opencv_objdetect.tlog\lib-link-cvtres.read.1.tlog
d:\project\cv\facefinder\lib\opencv450\modules\objdetect\opencv_objdetect.dir\release\opencv_objdetect.tlog\lib-link-cvtres.write.1.tlog
d:\project\cv\facefinder\lib\opencv450\modules\objdetect\opencv_objdetect.dir\release\opencv_objdetect.tlog\lib.command.1.tlog
d:\project\cv\facefinder\lib\opencv450\modules\objdetect\opencv_objdetect.dir\release\opencv_objdetect.tlog\rc.command.1.tlog
d:\project\cv\facefinder\lib\opencv450\modules\objdetect\opencv_objdetect.dir\release\opencv_objdetect.tlog\rc.read.1.tlog
d:\project\cv\facefinder\lib\opencv450\modules\objdetect\opencv_objdetect.dir\release\opencv_objdetect.tlog\rc.write.1.tlog
