d:\project\cv\facefinder\lib\opencv450\modules\dnn\opencv_dnn.dir\release\tensor_shape.pb.obj
d:\project\cv\facefinder\lib\opencv450\modules\dnn\opencv_dnn.dir\release\types.pb.obj
d:\project\cv\facefinder\lib\opencv450\modules\dnn\opencv_dnn.dir\release\tensor.pb.obj
d:\project\cv\facefinder\lib\opencv450\modules\dnn\opencv_dnn.dir\release\attr_value.pb.obj
d:\project\cv\facefinder\lib\opencv450\modules\dnn\opencv_dnn.dir\release\op_def.pb.obj
d:\project\cv\facefinder\lib\opencv450\modules\dnn\opencv_dnn.dir\release\opencv_dnn_pch.obj
d:\project\cv\facefinder\lib\opencv450\modules\dnn\opencv_dnn.dir\release\function.pb.obj
d:\project\cv\facefinder\lib\opencv450\modules\dnn\opencv_dnn.dir\release\opencv-onnx.pb.obj
d:\project\cv\facefinder\lib\opencv450\modules\dnn\opencv_dnn.dir\release\opencv-caffe.pb.obj
d:\project\cv\facefinder\lib\opencv450\modules\dnn\opencv_dnn.dir\release\versions.pb.obj
d:\project\cv\facefinder\lib\opencv450\modules\dnn\opencv_dnn.dir\release\graph.pb.obj
d:\project\cv\facefinder\lib\opencv450\modules\dnn\opencv_dnn.dir\release\dnn.obj
d:\project\cv\facefinder\lib\opencv450\modules\dnn\opencv_dnn.dir\release\normalize_bbox_layer.obj
d:\project\cv\facefinder\lib\opencv450\modules\dnn\opencv_dnn.dir\release\resize_layer.obj
d:\project\cv\facefinder\lib\opencv450\modules\dnn\opencv_dnn.dir\release\ocl4dnn_inner_product.obj
d:\project\cv\facefinder\lib\opencv450\modules\dnn\opencv_dnn.dir\release\tf_graph_simplifier.obj
d:\project\cv\facefinder\lib\opencv450\modules\dnn\opencv_dnn.dir\release\softmax_spv.obj
d:\project\cv\facefinder\lib\opencv450\modules\dnn\opencv_dnn.dir\release\op_pool.obj
d:\project\cv\facefinder\lib\opencv450\modules\dnn\opencv_dnn.dir\release\batch_norm_layer.obj
d:\project\cv\facefinder\lib\opencv450\modules\dnn\opencv_dnn.dir\release\flatten_layer.obj
d:\project\cv\facefinder\lib\opencv450\modules\dnn\opencv_dnn.dir\release\pooling_layer.obj
d:\project\cv\facefinder\lib\opencv450\modules\dnn\opencv_dnn.dir\release\common.obj
d:\project\cv\facefinder\lib\opencv450\modules\dnn\opencv_dnn.dir\release\tengine_graph_convolution.obj
d:\project\cv\facefinder\lib\opencv450\modules\dnn\opencv_dnn.dir\release\concat_spv.obj
d:\project\cv\facefinder\lib\opencv450\modules\dnn\opencv_dnn.dir\release\prior_box_spv.obj
d:\project\cv\facefinder\lib\opencv450\modules\dnn\opencv_dnn.dir\release\op_lrn.obj
d:\project\cv\facefinder\lib\opencv450\modules\dnn\opencv_dnn.dir\release\caffe_importer.obj
d:\project\cv\facefinder\lib\opencv450\modules\dnn\opencv_dnn.dir\release\eltwise_layer.obj
d:\project\cv\facefinder\lib\opencv450\modules\dnn\opencv_dnn.dir\release\permute_layer.obj
d:\project\cv\facefinder\lib\opencv450\modules\dnn\opencv_dnn.dir\release\slice_layer.obj
d:\project\cv\facefinder\lib\opencv450\modules\dnn\opencv_dnn.dir\release\onnx_graph_simplifier.obj
d:\project\cv\facefinder\lib\opencv450\modules\dnn\opencv_dnn.dir\release\conv48_spv.obj
d:\project\cv\facefinder\lib\opencv450\modules\dnn\opencv_dnn.dir\release\relu_spv.obj
d:\project\cv\facefinder\lib\opencv450\modules\dnn\opencv_dnn.dir\release\op_prior_box.obj
d:\project\cv\facefinder\lib\opencv450\modules\dnn\opencv_dnn.dir\release\opencl_kernels_dnn.obj
d:\project\cv\facefinder\lib\opencv450\modules\dnn\opencv_dnn.dir\release\init.obj
d:\project\cv\facefinder\lib\opencv450\modules\dnn\opencv_dnn.dir\release\correlation_layer.obj
d:\project\cv\facefinder\lib\opencv450\modules\dnn\opencv_dnn.dir\release\mvn_layer.obj
d:\project\cv\facefinder\lib\opencv450\modules\dnn\opencv_dnn.dir\release\shuffle_channel_layer.obj
d:\project\cv\facefinder\lib\opencv450\modules\dnn\opencv_dnn.dir\release\onnx_importer.obj
d:\project\cv\facefinder\lib\opencv450\modules\dnn\opencv_dnn.dir\release\caffe_io.obj
d:\project\cv\facefinder\lib\opencv450\modules\dnn\opencv_dnn.dir\release\flow_warp_layer.obj
d:\project\cv\facefinder\lib\opencv450\modules\dnn\opencv_dnn.dir\release\recurrent_layers.obj
d:\project\cv\facefinder\lib\opencv450\modules\dnn\opencv_dnn.dir\release\split_layer.obj
d:\project\cv\facefinder\lib\opencv450\modules\dnn\opencv_dnn.dir\release\ocl4dnn_softmax.obj
d:\project\cv\facefinder\lib\opencv450\modules\dnn\opencv_dnn.dir\release\thdiskfile.obj
d:\project\cv\facefinder\lib\opencv450\modules\dnn\opencv_dnn.dir\release\dw_conv_spv.obj
d:\project\cv\facefinder\lib\opencv450\modules\dnn\opencv_dnn.dir\release\context.obj
d:\project\cv\facefinder\lib\opencv450\modules\dnn\opencv_dnn.dir\release\op_softmax.obj
d:\project\cv\facefinder\lib\opencv450\modules\dnn\opencv_dnn.dir\release\graph_simplifier.obj
d:\project\cv\facefinder\lib\opencv450\modules\dnn\opencv_dnn.dir\release\blank_layer.obj
d:\project\cv\facefinder\lib\opencv450\modules\dnn\opencv_dnn.dir\release\fully_connected_layer.obj
d:\project\cv\facefinder\lib\opencv450\modules\dnn\opencv_dnn.dir\release\scale_layer.obj
d:\project\cv\facefinder\lib\opencv450\modules\dnn\opencv_dnn.dir\release\op_halide.obj
d:\project\cv\facefinder\lib\opencv450\modules\dnn\opencv_dnn.dir\release\thgeneral.obj
d:\project\cv\facefinder\lib\opencv450\modules\dnn\opencv_dnn.dir\release\max_pool_spv.obj
d:\project\cv\facefinder\lib\opencv450\modules\dnn\opencv_dnn.dir\release\op_concat.obj
d:\project\cv\facefinder\lib\opencv450\modules\dnn\opencv_dnn.dir\release\vk_functions.obj
d:\project\cv\facefinder\lib\opencv450\modules\dnn\opencv_dnn.dir\release\caffe_shrinker.obj
d:\project\cv\facefinder\lib\opencv450\modules\dnn\opencv_dnn.dir\release\elementwise_layers.obj
d:\project\cv\facefinder\lib\opencv450\modules\dnn\opencv_dnn.dir\release\proposal_layer.obj
d:\project\cv\facefinder\lib\opencv450\modules\dnn\opencv_dnn.dir\release\ocl4dnn_conv_spatial.obj
d:\project\cv\facefinder\lib\opencv450\modules\dnn\opencv_dnn.dir\release\conv_spv.obj
d:\project\cv\facefinder\lib\opencv450\modules\dnn\opencv_dnn.dir\release\internal.obj
d:\project\cv\facefinder\lib\opencv450\modules\dnn\opencv_dnn.dir\release\op_relu.obj
d:\project\cv\facefinder\lib\opencv450\modules\dnn\opencv_dnn.dir\release\ie_ngraph.obj
d:\project\cv\facefinder\lib\opencv450\modules\dnn\opencv_dnn.dir\release\concat_layer.obj
d:\project\cv\facefinder\lib\opencv450\modules\dnn\opencv_dnn.dir\release\layers_common.obj
d:\project\cv\facefinder\lib\opencv450\modules\dnn\opencv_dnn.dir\release\region_layer.obj
d:\project\cv\facefinder\lib\opencv450\modules\dnn\opencv_dnn.dir\release\math_functions.obj
d:\project\cv\facefinder\lib\opencv450\modules\dnn\opencv_dnn.dir\release\op_inf_engine.obj
d:\project\cv\facefinder\lib\opencv450\modules\dnn\opencv_dnn.dir\release\avg_pool_spv.obj
d:\project\cv\facefinder\lib\opencv450\modules\dnn\opencv_dnn.dir\release\permute_spv.obj
d:\project\cv\facefinder\lib\opencv450\modules\dnn\opencv_dnn.dir\release\op_conv.obj
d:\project\cv\facefinder\lib\opencv450\modules\dnn\opencv_dnn.dir\release\vk_loader.obj
d:\project\cv\facefinder\lib\opencv450\modules\dnn\opencv_dnn.dir\release\accum_layer.obj
d:\project\cv\facefinder\lib\opencv450\modules\dnn\opencv_dnn.dir\release\crop_and_resize_layer.obj
d:\project\cv\facefinder\lib\opencv450\modules\dnn\opencv_dnn.dir\release\lrn_layer.obj
d:\project\cv\facefinder\lib\opencv450\modules\dnn\opencv_dnn.dir\release\reorg_layer.obj
d:\project\cv\facefinder\lib\opencv450\modules\dnn\opencv_dnn.dir\release\nms.obj
d:\project\cv\facefinder\lib\opencv450\modules\dnn\opencv_dnn.dir\release\op_vkcom.obj
d:\project\cv\facefinder\lib\opencv450\modules\dnn\opencv_dnn.dir\release\torch_importer.obj
d:\project\cv\facefinder\lib\opencv450\modules\dnn\opencv_dnn.dir\release\darknet_io.obj
d:\project\cv\facefinder\lib\opencv450\modules\dnn\opencv_dnn.dir\release\detection_output_layer.obj
d:\project\cv\facefinder\lib\opencv450\modules\dnn\opencv_dnn.dir\release\prior_box_layer.obj
d:\project\cv\facefinder\lib\opencv450\modules\dnn\opencv_dnn.dir\release\softmax_layer.obj
d:\project\cv\facefinder\lib\opencv450\modules\dnn\opencv_dnn.dir\release\ocl4dnn_lrn.obj
d:\project\cv\facefinder\lib\opencv450\modules\dnn\opencv_dnn.dir\release\tf_io.obj
d:\project\cv\facefinder\lib\opencv450\modules\dnn\opencv_dnn.dir\release\buffer.obj
d:\project\cv\facefinder\lib\opencv450\modules\dnn\opencv_dnn.dir\release\op_permute.obj
d:\project\cv\facefinder\lib\opencv450\modules\dnn\opencv_dnn.dir\release\opencv_dnn_main.obj
d:\project\cv\facefinder\lib\opencv450\modules\dnn\opencv_dnn.dir\release\darknet_importer.obj
d:\project\cv\facefinder\lib\opencv450\modules\dnn\opencv_dnn.dir\release\const_layer.obj
d:\project\cv\facefinder\lib\opencv450\modules\dnn\opencv_dnn.dir\release\max_unpooling_layer.obj
d:\project\cv\facefinder\lib\opencv450\modules\dnn\opencv_dnn.dir\release\reshape_layer.obj
d:\project\cv\facefinder\lib\opencv450\modules\dnn\opencv_dnn.dir\release\ocl4dnn_pool.obj
d:\project\cv\facefinder\lib\opencv450\modules\dnn\opencv_dnn.dir\release\thfile.obj
d:\project\cv\facefinder\lib\opencv450\modules\dnn\opencv_dnn.dir\release\lrn_spv.obj
d:\project\cv\facefinder\lib\opencv450\modules\dnn\opencv_dnn.dir\release\op_base.obj
d:\project\cv\facefinder\lib\opencv450\modules\dnn\opencv_dnn.dir\release\tensor.obj
d:\project\cv\facefinder\lib\opencv450\modules\dnn\opencv_dnn.dir\release\halide_scheduler.obj
d:\project\cv\facefinder\lib\opencv450\modules\dnn\opencv_dnn.dir\release\convolution_layer.obj
d:\project\cv\facefinder\lib\opencv450\modules\dnn\opencv_dnn.dir\release\padding_layer.obj
d:\project\cv\facefinder\lib\opencv450\modules\dnn\opencv_dnn.dir\release\model.obj
d:\project\cv\facefinder\lib\opencv450\modules\dnn\opencv_dnn.dir\release\tf_importer.obj
d:\project\cv\facefinder\lib\opencv450\modules\lib\release-x64\opencv_dnn450.lib
d:\project\cv\facefinder\lib\opencv450\modules\dnn\opencv_dnn.dir\release\vs_version.res
d:\project\cv\facefinder\lib\opencv450\modules\dnn\..\lib\release-x64\opencv_dnn450.lib
d:\project\cv\facefinder\lib\opencv450\modules\dnn\opencv_dnn.dir\release\opencv_dnn.tlog\cl.10032.write.1.tlog
d:\project\cv\facefinder\lib\opencv450\modules\dnn\opencv_dnn.dir\release\opencv_dnn.tlog\cl.command.1.tlog
d:\project\cv\facefinder\lib\opencv450\modules\dnn\opencv_dnn.dir\release\opencv_dnn.tlog\cl.read.1.tlog
d:\project\cv\facefinder\lib\opencv450\modules\dnn\opencv_dnn.dir\release\opencv_dnn.tlog\lib-link-cvtres.read.1.tlog
d:\project\cv\facefinder\lib\opencv450\modules\dnn\opencv_dnn.dir\release\opencv_dnn.tlog\lib-link-cvtres.write.1.tlog
d:\project\cv\facefinder\lib\opencv450\modules\dnn\opencv_dnn.dir\release\opencv_dnn.tlog\lib.command.1.tlog
d:\project\cv\facefinder\lib\opencv450\modules\dnn\opencv_dnn.dir\release\opencv_dnn.tlog\rc.command.1.tlog
d:\project\cv\facefinder\lib\opencv450\modules\dnn\opencv_dnn.dir\release\opencv_dnn.tlog\rc.read.1.tlog
d:\project\cv\facefinder\lib\opencv450\modules\dnn\opencv_dnn.dir\release\opencv_dnn.tlog\rc.write.1.tlog
