d:\project\cv\facefinder\lib\opencv450\modules\core\opencv_core.dir\release\alloc.obj
d:\project\cv\facefinder\lib\opencv450\modules\core\opencv_core.dir\release\conjugate_gradient.obj
d:\project\cv\facefinder\lib\opencv450\modules\core\opencv_core.dir\release\convert_c.obj
d:\project\cv\facefinder\lib\opencv450\modules\core\opencv_core.dir\release\downhill_simplex.obj
d:\project\cv\facefinder\lib\opencv450\modules\core\opencv_core.dir\release\mathfuncs.obj
d:\project\cv\facefinder\lib\opencv450\modules\core\opencv_core.dir\release\ocl.obj
d:\project\cv\facefinder\lib\opencv450\modules\core\opencv_core.dir\release\tables.obj
d:\project\cv\facefinder\lib\opencv450\modules\core\opencv_core.dir\release\opencl_kernels_core.obj
d:\project\cv\facefinder\lib\opencv450\modules\core\opencv_core.dir\release\batch_distance.obj
d:\project\cv\facefinder\lib\opencv450\modules\core\opencv_core.dir\release\copy.obj
d:\project\cv\facefinder\lib\opencv450\modules\core\opencv_core.dir\release\glob.obj
d:\project\cv\facefinder\lib\opencv450\modules\core\opencv_core.dir\release\mathfuncs_core.dispatch.obj
d:\project\cv\facefinder\lib\opencv450\modules\core\opencv_core.dir\release\matrix_wrap.obj
d:\project\cv\facefinder\lib\opencv450\modules\core\opencv_core.dir\release\persistence.obj
d:\project\cv\facefinder\lib\opencv450\modules\core\opencv_core.dir\release\types.obj
d:\project\cv\facefinder\lib\opencv450\modules\core\opencv_core.dir\release\arithm.obj
d:\project\cv\facefinder\lib\opencv450\modules\core\opencv_core.dir\release\datastructs.obj
d:\project\cv\facefinder\lib\opencv450\modules\core\opencv_core.dir\release\lpsolver.obj
d:\project\cv\facefinder\lib\opencv450\modules\core\opencv_core.dir\release\matrix_iterator.obj
d:\project\cv\facefinder\lib\opencv450\modules\core\opencv_core.dir\release\opencl_clamdblas.obj
d:\project\cv\facefinder\lib\opencv450\modules\core\opencv_core.dir\release\pca.obj
d:\project\cv\facefinder\lib\opencv450\modules\core\opencv_core.dir\release\stl.obj
d:\project\cv\facefinder\lib\opencv450\modules\core\opencv_core.dir\release\va_intel.obj
d:\project\cv\facefinder\lib\opencv450\modules\core\opencv_core.dir\release\bindings_utils.obj
d:\project\cv\facefinder\lib\opencv450\modules\core\opencv_core.dir\release\cuda_gpu_mat.obj
d:\project\cv\facefinder\lib\opencv450\modules\core\opencv_core.dir\release\hal_internal.obj
d:\project\cv\facefinder\lib\opencv450\modules\core\opencv_core.dir\release\matrix_c.obj
d:\project\cv\facefinder\lib\opencv450\modules\core\opencv_core.dir\release\norm.obj
d:\project\cv\facefinder\lib\opencv450\modules\core\opencv_core.dir\release\persistence_xml.obj
d:\project\cv\facefinder\lib\opencv450\modules\core\opencv_core.dir\release\umatrix.obj
d:\project\cv\facefinder\lib\opencv450\modules\core\opencv_core.dir\release\arithm.dispatch.obj
d:\project\cv\facefinder\lib\opencv450\modules\core\opencv_core.dir\release\directx.obj
d:\project\cv\facefinder\lib\opencv450\modules\core\opencv_core.dir\release\matrix.obj
d:\project\cv\facefinder\lib\opencv450\modules\core\opencv_core.dir\release\minmax.obj
d:\project\cv\facefinder\lib\opencv450\modules\core\opencv_core.dir\release\persistence_json.obj
d:\project\cv\facefinder\lib\opencv450\modules\core\opencv_core.dir\release\sum.dispatch.obj
d:\project\cv\facefinder\lib\opencv450\modules\core\opencv_core.dir\release\check.obj
d:\project\cv\facefinder\lib\opencv450\modules\core\opencv_core.dir\release\cuda_stream.obj
d:\project\cv\facefinder\lib\opencv450\modules\core\opencv_core.dir\release\lut.obj
d:\project\cv\facefinder\lib\opencv450\modules\core\opencv_core.dir\release\matrix_sparse.obj
d:\project\cv\facefinder\lib\opencv450\modules\core\opencv_core.dir\release\opengl.obj
d:\project\cv\facefinder\lib\opencv450\modules\core\opencv_core.dir\release\persistence_yml.obj
d:\project\cv\facefinder\lib\opencv450\modules\core\opencv_core.dir\release\datafile.obj
d:\project\cv\facefinder\lib\opencv450\modules\core\opencv_core.dir\release\algorithm.obj
d:\project\cv\facefinder\lib\opencv450\modules\core\opencv_core.dir\release\count_non_zero.dispatch.obj
d:\project\cv\facefinder\lib\opencv450\modules\core\opencv_core.dir\release\lapack.obj
d:\project\cv\facefinder\lib\opencv450\modules\core\opencv_core.dir\release\mean.dispatch.obj
d:\project\cv\facefinder\lib\opencv450\modules\core\opencv_core.dir\release\parallel.obj
d:\project\cv\facefinder\lib\opencv450\modules\core\opencv_core.dir\release\trace.obj
d:\project\cv\facefinder\lib\opencv450\modules\core\opencv_core.dir\release\buffer_area.obj
d:\project\cv\facefinder\lib\opencv450\modules\core\opencv_core.dir\release\convert.dispatch.obj
d:\project\cv\facefinder\lib\opencv450\modules\core\opencv_core.dir\release\gl_core_3_1.obj
d:\project\cv\facefinder\lib\opencv450\modules\core\opencv_core.dir\release\matmul.dispatch.obj
d:\project\cv\facefinder\lib\opencv450\modules\core\opencv_core.dir\release\ovx.obj
d:\project\cv\facefinder\lib\opencv450\modules\core\opencv_core.dir\release\rand.obj
d:\project\cv\facefinder\lib\opencv450\modules\core\opencv_core.dir\release\system.obj
d:\project\cv\facefinder\lib\opencv450\modules\core\opencv_core.dir\release\array.obj
d:\project\cv\facefinder\lib\opencv450\modules\core\opencv_core.dir\release\cuda_info.obj
d:\project\cv\facefinder\lib\opencv450\modules\core\opencv_core.dir\release\lda.obj
d:\project\cv\facefinder\lib\opencv450\modules\core\opencv_core.dir\release\merge.dispatch.obj
d:\project\cv\facefinder\lib\opencv450\modules\core\opencv_core.dir\release\parallel_impl.obj
d:\project\cv\facefinder\lib\opencv450\modules\core\opencv_core.dir\release\stat.dispatch.obj
d:\project\cv\facefinder\lib\opencv450\modules\core\opencv_core.dir\release\logtagmanager.obj
d:\project\cv\facefinder\lib\opencv450\modules\core\opencv_core.dir\release\command_line_parser.obj
d:\project\cv\facefinder\lib\opencv450\modules\core\opencv_core.dir\release\dxt.obj
d:\project\cv\facefinder\lib\opencv450\modules\core\opencv_core.dir\release\matrix_decomp.obj
d:\project\cv\facefinder\lib\opencv450\modules\core\opencv_core.dir\release\out.obj
d:\project\cv\facefinder\lib\opencv450\modules\core\opencv_core.dir\release\softfloat.obj
d:\project\cv\facefinder\lib\opencv450\modules\core\opencv_core.dir\release\logtagconfigparser.obj
d:\project\cv\facefinder\lib\opencv450\modules\core\opencv_core.dir\release\channels.obj
d:\project\cv\facefinder\lib\opencv450\modules\core\opencv_core.dir\release\cuda_host_mem.obj
d:\project\cv\facefinder\lib\opencv450\modules\core\opencv_core.dir\release\logger.obj
d:\project\cv\facefinder\lib\opencv450\modules\core\opencv_core.dir\release\matrix_expressions.obj
d:\project\cv\facefinder\lib\opencv450\modules\core\opencv_core.dir\release\opencl_clamdfft.obj
d:\project\cv\facefinder\lib\opencv450\modules\core\opencv_core.dir\release\persistence_types.obj
d:\project\cv\facefinder\lib\opencv450\modules\core\opencv_core.dir\release\stat_c.obj
d:\project\cv\facefinder\lib\opencv450\modules\core\opencv_core.dir\release\samples.obj
d:\project\cv\facefinder\lib\opencv450\modules\core\opencv_core.dir\release\async.obj
d:\project\cv\facefinder\lib\opencv450\modules\core\opencv_core.dir\release\convert_scale.dispatch.obj
d:\project\cv\facefinder\lib\opencv450\modules\core\opencv_core.dir\release\kmeans.obj
d:\project\cv\facefinder\lib\opencv450\modules\core\opencv_core.dir\release\matrix_operations.obj
d:\project\cv\facefinder\lib\opencv450\modules\core\opencv_core.dir\release\opencl_core.obj
d:\project\cv\facefinder\lib\opencv450\modules\core\opencv_core.dir\release\split.dispatch.obj
d:\project\cv\facefinder\lib\opencv450\modules\core\opencv_core.dir\release\filesystem.obj
d:\project\cv\facefinder\lib\opencv450\modules\core\opencv_core.dir\release\opencv_core_pch.obj
d:\project\cv\facefinder\lib\opencv450\modules\lib\release-x64\opencv_core450.lib
d:\project\cv\facefinder\lib\opencv450\modules\core\opencv_core.dir\release\vs_version.res
d:\project\cv\facefinder\lib\opencv450\modules\core\..\lib\release-x64\opencv_core450.lib
d:\project\cv\facefinder\lib\opencv450\modules\core\opencv_core.dir\release\opencv_core.tlog\cl.command.1.tlog
d:\project\cv\facefinder\lib\opencv450\modules\core\opencv_core.dir\release\opencv_core.tlog\cl.read.1.tlog
d:\project\cv\facefinder\lib\opencv450\modules\core\opencv_core.dir\release\opencv_core.tlog\cl.write.1.tlog
d:\project\cv\facefinder\lib\opencv450\modules\core\opencv_core.dir\release\opencv_core.tlog\lib-link-cvtres.read.1.tlog
d:\project\cv\facefinder\lib\opencv450\modules\core\opencv_core.dir\release\opencv_core.tlog\lib-link-cvtres.write.1.tlog
d:\project\cv\facefinder\lib\opencv450\modules\core\opencv_core.dir\release\opencv_core.tlog\lib.command.1.tlog
d:\project\cv\facefinder\lib\opencv450\modules\core\opencv_core.dir\release\opencv_core.tlog\rc.command.1.tlog
d:\project\cv\facefinder\lib\opencv450\modules\core\opencv_core.dir\release\opencv_core.tlog\rc.read.1.tlog
d:\project\cv\facefinder\lib\opencv450\modules\core\opencv_core.dir\release\opencv_core.tlog\rc.write.1.tlog
