  algorithm.cpp
  arithm.cpp
  arithm.dispatch.cpp
  array.cpp
  async.cpp
  batch_distance.cpp
  bindings_utils.cpp
  buffer_area.cpp
  channels.cpp
  check.cpp
  command_line_parser.cpp
  conjugate_gradient.cpp
  convert.dispatch.cpp
  convert_c.cpp
  convert_scale.dispatch.cpp
  copy.cpp
  count_non_zero.dispatch.cpp
  cuda_gpu_mat.cpp
  cuda_host_mem.cpp
  cuda_info.cpp
  cuda_stream.cpp
  datastructs.cpp
  directx.cpp
  downhill_simplex.cpp
  dxt.cpp
  gl_core_3_1.cpp
d:\project\cv\facefinder\lib\opencv450\modules\core\include\opencv2\core\cuda.inl.hpp(85): warning C4702: unreachable code
d:\project\cv\facefinder\lib\opencv450\modules\core\include\opencv2\core\cuda.inl.hpp(96): warning C4702: unreachable code
  glob.cpp
  hal_internal.cpp
  kmeans.cpp
  lapack.cpp
  lda.cpp
d:\project\cv\facefinder\lib\opencv450\modules\core\include\opencv2\core\cuda.inl.hpp(164): warning C4702: unreachable code
d:\project\cv\facefinder\lib\opencv450\modules\core\include\opencv2\core\matx.hpp(673): warning C4702: unreachable code
d:\project\cv\facefinder\lib\opencv450\modules\core\include\opencv2\core\matx.hpp(673): warning C4702: unreachable code
d:\project\cv\facefinder\lib\opencv450\modules\core\include\opencv2\core\cuda.inl.hpp(182): warning C4702: unreachable code
d:\project\cv\facefinder\lib\opencv450\modules\core\include\opencv2\core\cuda.inl.hpp(188): warning C4702: unreachable code
d:\project\cv\facefinder\lib\opencv450\modules\core\include\opencv2\core\cuda.hpp(495): warning C4702: unreachable code
  logger.cpp
d:\project\cv\facefinder\lib\opencv450\modules\core\include\opencv2\core\cuda.inl.hpp(578): warning C4702: unreachable code
d:\project\cv\facefinder\lib\opencv450\modules\core\include\opencv2\core\cuda.inl.hpp(566): warning C4702: unreachable code
d:\project\cv\facefinder\lib\opencv450\modules\core\include\opencv2\core\cuda.inl.hpp(572): warning C4702: unreachable code
d:\project\cv\facefinder\lib\opencv450\modules\core\include\opencv2\core\cuda.inl.hpp(613): warning C4702: unreachable code
d:\project\cv\facefinder\lib\opencv450\modules\core\include\opencv2\core\cuda.inl.hpp(614): warning C4702: unreachable code
d:\project\cv\facefinder\lib\opencv450\modules\core\include\opencv2\core\cuda.inl.hpp(599): warning C4702: unreachable code
d:\project\cv\facefinder\lib\opencv450\modules\core\include\opencv2\core\cuda.inl.hpp(607): warning C4702: unreachable code
  lpsolver.cpp
  lut.cpp
  mathfuncs.cpp
  mathfuncs_core.dispatch.cpp
  matmul.dispatch.cpp
  matrix.cpp
  matrix_c.cpp
  matrix_decomp.cpp
  matrix_expressions.cpp
  matrix_iterator.cpp
  matrix_operations.cpp
  matrix_sparse.cpp
  matrix_wrap.cpp
  mean.dispatch.cpp
  merge.dispatch.cpp
  minmax.cpp
  norm.cpp
  ocl.cpp
  opencl_clamdblas.cpp
  opencl_clamdfft.cpp
  opencl_core.cpp
  opengl.cpp
  out.cpp
  ovx.cpp
  parallel.cpp
  parallel_impl.cpp
  pca.cpp
  persistence.cpp
  persistence_json.cpp
  persistence_types.cpp
d:\project\cv\facefinder\lib\opencv450\modules\core\include\opencv2\core\opengl.hpp(708): warning C4702: unreachable code
  persistence_xml.cpp
  persistence_yml.cpp
  rand.cpp
  softfloat.cpp
  split.dispatch.cpp
  stat.dispatch.cpp
  stat_c.cpp
  stl.cpp
  sum.dispatch.cpp
  system.cpp
  tables.cpp
  trace.cpp
  types.cpp
  umatrix.cpp
  datafile.cpp
  filesystem.cpp
  logtagconfigparser.cpp
  logtagmanager.cpp
  samples.cpp
  va_intel.cpp
  opencl_kernels_core.cpp
  alloc.cpp
  opencv_core_pch.cpp
stl.obj : warning LNK4221: This object file does not define any previously undefined public symbols, so it will not be used by any link operation that consumes this library
parallel_impl.obj : warning LNK4221: This object file does not define any previously undefined public symbols, so it will not be used by any link operation that consumes this library
opencl_clamdfft.obj : warning LNK4221: This object file does not define any previously undefined public symbols, so it will not be used by any link operation that consumes this library
opencl_clamdblas.obj : warning LNK4221: This object file does not define any previously undefined public symbols, so it will not be used by any link operation that consumes this library
hal_internal.obj : warning LNK4221: This object file does not define any previously undefined public symbols, so it will not be used by any link operation that consumes this library
  opencv_core.vcxproj -> D:\PROJECT\CV\FaceFinder\lib\opencv450\modules\core\..\lib\Release-x64\opencv_core450.lib
