d:\project\cv\facefinder\lib\opencv450\modules\ml\opencv_ml.dir\release\data.obj
d:\project\cv\facefinder\lib\opencv450\modules\ml\opencv_ml.dir\release\gbt.obj
d:\project\cv\facefinder\lib\opencv450\modules\ml\opencv_ml.dir\release\svm.obj
d:\project\cv\facefinder\lib\opencv450\modules\ml\opencv_ml.dir\release\kdtree.obj
d:\project\cv\facefinder\lib\opencv450\modules\ml\opencv_ml.dir\release\svmsgd.obj
d:\project\cv\facefinder\lib\opencv450\modules\ml\opencv_ml.dir\release\ann_mlp.obj
d:\project\cv\facefinder\lib\opencv450\modules\ml\opencv_ml.dir\release\knearest.obj
d:\project\cv\facefinder\lib\opencv450\modules\ml\opencv_ml.dir\release\inner_functions.obj
d:\project\cv\facefinder\lib\opencv450\modules\ml\opencv_ml.dir\release\tree.obj
d:\project\cv\facefinder\lib\opencv450\modules\ml\opencv_ml.dir\release\rtrees.obj
d:\project\cv\facefinder\lib\opencv450\modules\ml\opencv_ml.dir\release\opencv_ml_main.obj
d:\project\cv\facefinder\lib\opencv450\modules\ml\opencv_ml.dir\release\nbayes.obj
d:\project\cv\facefinder\lib\opencv450\modules\ml\opencv_ml.dir\release\testset.obj
d:\project\cv\facefinder\lib\opencv450\modules\ml\opencv_ml.dir\release\em.obj
d:\project\cv\facefinder\lib\opencv450\modules\ml\opencv_ml.dir\release\lr.obj
d:\project\cv\facefinder\lib\opencv450\modules\ml\opencv_ml.dir\release\boost.obj
d:\project\cv\facefinder\lib\opencv450\modules\ml\opencv_ml.dir\release\opencv_ml_pch.obj
d:\project\cv\facefinder\lib\opencv450\modules\lib\release-x64\opencv_ml450.lib
d:\project\cv\facefinder\lib\opencv450\modules\ml\opencv_ml.dir\release\vs_version.res
d:\project\cv\facefinder\lib\opencv450\modules\ml\..\lib\release-x64\opencv_ml450.lib
d:\project\cv\facefinder\lib\opencv450\modules\ml\opencv_ml.dir\release\opencv_ml.tlog\cl.command.1.tlog
d:\project\cv\facefinder\lib\opencv450\modules\ml\opencv_ml.dir\release\opencv_ml.tlog\cl.read.1.tlog
d:\project\cv\facefinder\lib\opencv450\modules\ml\opencv_ml.dir\release\opencv_ml.tlog\cl.write.1.tlog
d:\project\cv\facefinder\lib\opencv450\modules\ml\opencv_ml.dir\release\opencv_ml.tlog\lib-link-cvtres.read.1.tlog
d:\project\cv\facefinder\lib\opencv450\modules\ml\opencv_ml.dir\release\opencv_ml.tlog\lib-link-cvtres.write.1.tlog
d:\project\cv\facefinder\lib\opencv450\modules\ml\opencv_ml.dir\release\opencv_ml.tlog\lib.command.1.tlog
d:\project\cv\facefinder\lib\opencv450\modules\ml\opencv_ml.dir\release\opencv_ml.tlog\rc.command.1.tlog
d:\project\cv\facefinder\lib\opencv450\modules\ml\opencv_ml.dir\release\opencv_ml.tlog\rc.read.1.tlog
d:\project\cv\facefinder\lib\opencv450\modules\ml\opencv_ml.dir\release\opencv_ml.tlog\rc.write.1.tlog
