d:\project\cv\facefinder\lib\opencv450\modules\imgproc\opencv_imgproc.dir\release\opencv_imgproc_pch.obj
d:\project\cv\facefinder\lib\opencv450\modules\imgproc\opencv_imgproc.dir\release\box_filter.dispatch.obj
d:\project\cv\facefinder\lib\opencv450\modules\imgproc\opencv_imgproc.dir\release\emd.obj
d:\project\cv\facefinder\lib\opencv450\modules\imgproc\opencv_imgproc.dir\release\imgwarp.obj
d:\project\cv\facefinder\lib\opencv450\modules\imgproc\opencv_imgproc.dir\release\smooth.dispatch.obj
d:\project\cv\facefinder\lib\opencv450\modules\imgproc\opencv_imgproc.dir\release\approx.obj
d:\project\cv\facefinder\lib\opencv450\modules\imgproc\opencv_imgproc.dir\release\color_yuv.dispatch.obj
d:\project\cv\facefinder\lib\opencv450\modules\imgproc\opencv_imgproc.dir\release\generalized_hough.obj
d:\project\cv\facefinder\lib\opencv450\modules\imgproc\opencv_imgproc.dir\release\moments.obj
d:\project\cv\facefinder\lib\opencv450\modules\imgproc\opencv_imgproc.dir\release\subdivision2d.obj
d:\project\cv\facefinder\lib\opencv450\modules\imgproc\opencv_imgproc.dir\release\clahe.obj
d:\project\cv\facefinder\lib\opencv450\modules\imgproc\opencv_imgproc.dir\release\demosaicing.obj
d:\project\cv\facefinder\lib\opencv450\modules\imgproc\opencv_imgproc.dir\release\geometry.obj
d:\project\cv\facefinder\lib\opencv450\modules\imgproc\opencv_imgproc.dir\release\lsd.obj
d:\project\cv\facefinder\lib\opencv450\modules\imgproc\opencv_imgproc.dir\release\phasecorr.obj
d:\project\cv\facefinder\lib\opencv450\modules\imgproc\opencv_imgproc.dir\release\sumpixels.dispatch.obj
d:\project\cv\facefinder\lib\opencv450\modules\imgproc\opencv_imgproc.dir\release\color.obj
d:\project\cv\facefinder\lib\opencv450\modules\imgproc\opencv_imgproc.dir\release\convhull.obj
d:\project\cv\facefinder\lib\opencv450\modules\imgproc\opencv_imgproc.dir\release\featureselect.obj
d:\project\cv\facefinder\lib\opencv450\modules\imgproc\opencv_imgproc.dir\release\intersection.obj
d:\project\cv\facefinder\lib\opencv450\modules\imgproc\opencv_imgproc.dir\release\morph.dispatch.obj
d:\project\cv\facefinder\lib\opencv450\modules\imgproc\opencv_imgproc.dir\release\color_rgb.dispatch.obj
d:\project\cv\facefinder\lib\opencv450\modules\imgproc\opencv_imgproc.dir\release\deriv.obj
d:\project\cv\facefinder\lib\opencv450\modules\imgproc\opencv_imgproc.dir\release\histogram.obj
d:\project\cv\facefinder\lib\opencv450\modules\imgproc\opencv_imgproc.dir\release\resize.obj
d:\project\cv\facefinder\lib\opencv450\modules\imgproc\opencv_imgproc.dir\release\blend.obj
d:\project\cv\facefinder\lib\opencv450\modules\imgproc\opencv_imgproc.dir\release\colormap.obj
d:\project\cv\facefinder\lib\opencv450\modules\imgproc\opencv_imgproc.dir\release\gabor.obj
d:\project\cv\facefinder\lib\opencv450\modules\imgproc\opencv_imgproc.dir\release\matchcontours.obj
d:\project\cv\facefinder\lib\opencv450\modules\imgproc\opencv_imgproc.dir\release\segmentation.obj
d:\project\cv\facefinder\lib\opencv450\modules\imgproc\opencv_imgproc.dir\release\thresh.obj
d:\project\cv\facefinder\lib\opencv450\modules\imgproc\opencv_imgproc.dir\release\color_lab.obj
d:\project\cv\facefinder\lib\opencv450\modules\imgproc\opencv_imgproc.dir\release\drawing.obj
d:\project\cv\facefinder\lib\opencv450\modules\imgproc\opencv_imgproc.dir\release\linefit.obj
d:\project\cv\facefinder\lib\opencv450\modules\imgproc\opencv_imgproc.dir\release\rotcalipers.obj
d:\project\cv\facefinder\lib\opencv450\modules\imgproc\opencv_imgproc.dir\release\tables.obj
d:\project\cv\facefinder\lib\opencv450\modules\imgproc\opencv_imgproc.dir\release\bilateral_filter.dispatch.obj
d:\project\cv\facefinder\lib\opencv450\modules\imgproc\opencv_imgproc.dir\release\corner.obj
d:\project\cv\facefinder\lib\opencv450\modules\imgproc\opencv_imgproc.dir\release\floodfill.obj
d:\project\cv\facefinder\lib\opencv450\modules\imgproc\opencv_imgproc.dir\release\main.obj
d:\project\cv\facefinder\lib\opencv450\modules\imgproc\opencv_imgproc.dir\release\pyramids.obj
d:\project\cv\facefinder\lib\opencv450\modules\imgproc\opencv_imgproc.dir\release\utils.obj
d:\project\cv\facefinder\lib\opencv450\modules\imgproc\opencv_imgproc.dir\release\color_hsv.dispatch.obj
d:\project\cv\facefinder\lib\opencv450\modules\imgproc\opencv_imgproc.dir\release\contours.obj
d:\project\cv\facefinder\lib\opencv450\modules\imgproc\opencv_imgproc.dir\release\hershey_fonts.obj
d:\project\cv\facefinder\lib\opencv450\modules\imgproc\opencv_imgproc.dir\release\min_enclosing_triangle.obj
d:\project\cv\facefinder\lib\opencv450\modules\imgproc\opencv_imgproc.dir\release\shapedescr.obj
d:\project\cv\facefinder\lib\opencv450\modules\imgproc\opencv_imgproc.dir\release\opencl_kernels_imgproc.obj
d:\project\cv\facefinder\lib\opencv450\modules\imgproc\opencv_imgproc.dir\release\accum.dispatch.obj
d:\project\cv\facefinder\lib\opencv450\modules\imgproc\opencv_imgproc.dir\release\cornersubpix.obj
d:\project\cv\facefinder\lib\opencv450\modules\imgproc\opencv_imgproc.dir\release\filter.dispatch.obj
d:\project\cv\facefinder\lib\opencv450\modules\imgproc\opencv_imgproc.dir\release\samplers.obj
d:\project\cv\facefinder\lib\opencv450\modules\imgproc\opencv_imgproc.dir\release\templmatch.obj
d:\project\cv\facefinder\lib\opencv450\modules\imgproc\opencv_imgproc.dir\release\canny.obj
d:\project\cv\facefinder\lib\opencv450\modules\imgproc\opencv_imgproc.dir\release\distransform.obj
d:\project\cv\facefinder\lib\opencv450\modules\imgproc\opencv_imgproc.dir\release\grabcut.obj
d:\project\cv\facefinder\lib\opencv450\modules\imgproc\opencv_imgproc.dir\release\median_blur.dispatch.obj
d:\project\cv\facefinder\lib\opencv450\modules\imgproc\opencv_imgproc.dir\release\opencv_imgproc_main.obj
d:\project\cv\facefinder\lib\opencv450\modules\imgproc\opencv_imgproc.dir\release\accum.obj
d:\project\cv\facefinder\lib\opencv450\modules\imgproc\opencv_imgproc.dir\release\connectedcomponents.obj
d:\project\cv\facefinder\lib\opencv450\modules\imgproc\opencv_imgproc.dir\release\hough.obj
d:\project\cv\facefinder\lib\opencv450\modules\imgproc\opencv_imgproc.dir\release\spatialgradient.obj
d:\project\cv\facefinder\lib\opencv450\modules\lib\release-x64\opencv_imgproc450.lib
d:\project\cv\facefinder\lib\opencv450\modules\imgproc\opencv_imgproc.dir\release\vs_version.res
d:\project\cv\facefinder\lib\opencv450\modules\imgproc\..\lib\release-x64\opencv_imgproc450.lib
d:\project\cv\facefinder\lib\opencv450\modules\imgproc\opencv_imgproc.dir\release\opencv_imgproc.tlog\cl.command.1.tlog
d:\project\cv\facefinder\lib\opencv450\modules\imgproc\opencv_imgproc.dir\release\opencv_imgproc.tlog\cl.read.1.tlog
d:\project\cv\facefinder\lib\opencv450\modules\imgproc\opencv_imgproc.dir\release\opencv_imgproc.tlog\cl.write.1.tlog
d:\project\cv\facefinder\lib\opencv450\modules\imgproc\opencv_imgproc.dir\release\opencv_imgproc.tlog\lib-link-cvtres.read.1.tlog
d:\project\cv\facefinder\lib\opencv450\modules\imgproc\opencv_imgproc.dir\release\opencv_imgproc.tlog\lib-link-cvtres.write.1.tlog
d:\project\cv\facefinder\lib\opencv450\modules\imgproc\opencv_imgproc.dir\release\opencv_imgproc.tlog\lib.command.1.tlog
d:\project\cv\facefinder\lib\opencv450\modules\imgproc\opencv_imgproc.dir\release\opencv_imgproc.tlog\rc.command.1.tlog
d:\project\cv\facefinder\lib\opencv450\modules\imgproc\opencv_imgproc.dir\release\opencv_imgproc.tlog\rc.read.1.tlog
d:\project\cv\facefinder\lib\opencv450\modules\imgproc\opencv_imgproc.dir\release\opencv_imgproc.tlog\rc.write.1.tlog
