d:\project\cv\facefinder\lib\opencv450\modules\imgcodecs\opencv_imgcodecs.dir\release\opencv_imgcodecs_pch.obj
d:\project\cv\facefinder\lib\opencv450\modules\imgcodecs\opencv_imgcodecs.dir\release\grfmt_gdcm.obj
d:\project\cv\facefinder\lib\opencv450\modules\imgcodecs\opencv_imgcodecs.dir\release\grfmt_png.obj
d:\project\cv\facefinder\lib\opencv450\modules\imgcodecs\opencv_imgcodecs.dir\release\grfmt_jpeg.obj
d:\project\cv\facefinder\lib\opencv450\modules\imgcodecs\opencv_imgcodecs.dir\release\rgbe.obj
d:\project\cv\facefinder\lib\opencv450\modules\imgcodecs\opencv_imgcodecs.dir\release\grfmt_exr.obj
d:\project\cv\facefinder\lib\opencv450\modules\imgcodecs\opencv_imgcodecs.dir\release\bitstrm.obj
d:\project\cv\facefinder\lib\opencv450\modules\imgcodecs\opencv_imgcodecs.dir\release\loadsave.obj
d:\project\cv\facefinder\lib\opencv450\modules\imgcodecs\opencv_imgcodecs.dir\release\grfmt_bmp.obj
d:\project\cv\facefinder\lib\opencv450\modules\imgcodecs\opencv_imgcodecs.dir\release\opencv_imgcodecs_main.obj
d:\project\cv\facefinder\lib\opencv450\modules\imgcodecs\opencv_imgcodecs.dir\release\grfmt_jpeg2000.obj
d:\project\cv\facefinder\lib\opencv450\modules\imgcodecs\opencv_imgcodecs.dir\release\grfmt_tiff.obj
d:\project\cv\facefinder\lib\opencv450\modules\imgcodecs\opencv_imgcodecs.dir\release\grfmt_base.obj
d:\project\cv\facefinder\lib\opencv450\modules\imgcodecs\opencv_imgcodecs.dir\release\grfmt_pfm.obj
d:\project\cv\facefinder\lib\opencv450\modules\imgcodecs\opencv_imgcodecs.dir\release\utils.obj
d:\project\cv\facefinder\lib\opencv450\modules\imgcodecs\opencv_imgcodecs.dir\release\exif.obj
d:\project\cv\facefinder\lib\opencv450\modules\imgcodecs\opencv_imgcodecs.dir\release\grfmt_gdal.obj
d:\project\cv\facefinder\lib\opencv450\modules\imgcodecs\opencv_imgcodecs.dir\release\grfmt_pxm.obj
d:\project\cv\facefinder\lib\opencv450\modules\imgcodecs\opencv_imgcodecs.dir\release\grfmt_jpeg2000_openjpeg.obj
d:\project\cv\facefinder\lib\opencv450\modules\imgcodecs\opencv_imgcodecs.dir\release\grfmt_sunras.obj
d:\project\cv\facefinder\lib\opencv450\modules\imgcodecs\opencv_imgcodecs.dir\release\grfmt_hdr.obj
d:\project\cv\facefinder\lib\opencv450\modules\imgcodecs\opencv_imgcodecs.dir\release\grfmt_webp.obj
d:\project\cv\facefinder\lib\opencv450\modules\imgcodecs\opencv_imgcodecs.dir\release\grfmt_pam.obj
d:\project\cv\facefinder\lib\opencv450\modules\lib\release-x64\opencv_imgcodecs450.lib
d:\project\cv\facefinder\lib\opencv450\modules\imgcodecs\opencv_imgcodecs.dir\release\vs_version.res
d:\project\cv\facefinder\lib\opencv450\modules\imgcodecs\..\lib\release-x64\opencv_imgcodecs450.lib
d:\project\cv\facefinder\lib\opencv450\modules\imgcodecs\opencv_imgcodecs.dir\release\opencv_imgcodecs.tlog\cl.command.1.tlog
d:\project\cv\facefinder\lib\opencv450\modules\imgcodecs\opencv_imgcodecs.dir\release\opencv_imgcodecs.tlog\cl.read.1.tlog
d:\project\cv\facefinder\lib\opencv450\modules\imgcodecs\opencv_imgcodecs.dir\release\opencv_imgcodecs.tlog\cl.write.1.tlog
d:\project\cv\facefinder\lib\opencv450\modules\imgcodecs\opencv_imgcodecs.dir\release\opencv_imgcodecs.tlog\lib-link-cvtres.read.1.tlog
d:\project\cv\facefinder\lib\opencv450\modules\imgcodecs\opencv_imgcodecs.dir\release\opencv_imgcodecs.tlog\lib-link-cvtres.write.1.tlog
d:\project\cv\facefinder\lib\opencv450\modules\imgcodecs\opencv_imgcodecs.dir\release\opencv_imgcodecs.tlog\lib.command.1.tlog
d:\project\cv\facefinder\lib\opencv450\modules\imgcodecs\opencv_imgcodecs.dir\release\opencv_imgcodecs.tlog\rc.command.1.tlog
d:\project\cv\facefinder\lib\opencv450\modules\imgcodecs\opencv_imgcodecs.dir\release\opencv_imgcodecs.tlog\rc.read.1.tlog
d:\project\cv\facefinder\lib\opencv450\modules\imgcodecs\opencv_imgcodecs.dir\release\opencv_imgcodecs.tlog\rc.write.1.tlog
