  loadsave.cpp
  utils.cpp
  grfmt_base.cpp
  grfmt_bmp.cpp
  grfmt_exr.cpp
  grfmt_gdal.cpp
  grfmt_gdcm.cpp
  grfmt_hdr.cpp
  grfmt_jpeg.cpp
  grfmt_jpeg2000.cpp
  grfmt_jpeg2000_openjpeg.cpp
  grfmt_pam.cpp
  grfmt_pfm.cpp
  grfmt_png.cpp
  grfmt_pxm.cpp
  grfmt_sunras.cpp
  grfmt_tiff.cpp
  grfmt_webp.cpp
  bitstrm.cpp
  rgbe.cpp
  exif.cpp
  opencv_imgcodecs_main.cpp
  opencv_imgcodecs_pch.cpp
opencv_imgcodecs_pch.obj : warning LNK4221: This object file does not define any previously undefined public symbols, so it will not be used by any link operation that consumes this library
grfmt_webp.obj : warning LNK4221: This object file does not define any previously undefined public symbols, so it will not be used by any link operation that consumes this library
grfmt_tiff.obj : warning LNK4221: This object file does not define any previously undefined public symbols, so it will not be used by any link operation that consumes this library
grfmt_jpeg2000_openjpeg.obj : warning LNK4221: This object file does not define any previously undefined public symbols, so it will not be used by any link operation that consumes this library
grfmt_jpeg2000.obj : warning LNK4221: This object file does not define any previously undefined public symbols, so it will not be used by any link operation that consumes this library
grfmt_gdcm.obj : warning LNK4221: This object file does not define any previously undefined public symbols, so it will not be used by any link operation that consumes this library
grfmt_gdal.obj : warning LNK4221: This object file does not define any previously undefined public symbols, so it will not be used by any link operation that consumes this library
grfmt_exr.obj : warning LNK4221: This object file does not define any previously undefined public symbols, so it will not be used by any link operation that consumes this library
  opencv_imgcodecs.vcxproj -> D:\PROJECT\CV\FaceFinder\lib\opencv450\modules\imgcodecs\..\lib\Release-x64\opencv_imgcodecs450.lib
