  backend_static.cpp
  cap.cpp
  cap_dshow.cpp
  cap_images.cpp
  cap_mjpeg_decoder.cpp
  cap_mjpeg_encoder.cpp
  cap_msmf.cpp
  container_avi.cpp
  videoio_c.cpp
  videoio_registry.cpp
D:\PROJECT\CV\FaceFinder\cvconfig.h(65): warning C4005: 'HAVE_DSHOW': macro redefinition (compiling source file src\videoio_c.cpp)
  src\videoio_c.cpp: note: see previous definition of 'HAVE_DSHOW'
D:\PROJECT\CV\FaceFinder\cvconfig.h(65): warning C4005: 'HAVE_DSHOW': macro redefinition (compiling source file src\videoio_registry.cpp)
  src\videoio_registry.cpp: note: see previous definition of 'HAVE_DSHOW'
D:\PROJECT\CV\FaceFinder\cvconfig.h(65): warning C4005: 'HAVE_DSHOW': macro redefinition (compiling source file src\cap_images.cpp)
  src\cap_images.cpp: note: see previous definition of 'HAVE_DSHOW'
D:\PROJECT\CV\FaceFinder\cvconfig.h(65): warning C4005: 'HAVE_DSHOW': macro redefinition (compiling source file src\cap_mjpeg_decoder.cpp)
  src\cap_mjpeg_decoder.cpp: note: see previous definition of 'HAVE_DSHOW'
D:\PROJECT\CV\FaceFinder\cvconfig.h(65): warning C4005: 'HAVE_DSHOW': macro redefinition (compiling source file src\container_avi.cpp)
  src\container_avi.cpp: note: see previous definition of 'HAVE_DSHOW'
D:\PROJECT\CV\FaceFinder\cvconfig.h(65): warning C4005: 'HAVE_DSHOW': macro redefinition (compiling source file src\cap_msmf.cpp)
  src\cap_msmf.cpp: note: see previous definition of 'HAVE_DSHOW'
D:\PROJECT\CV\FaceFinder\cvconfig.h(65): warning C4005: 'HAVE_DSHOW': macro redefinition (compiling source file src\cap_dshow.cpp)
  src\cap_dshow.cpp: note: see previous definition of 'HAVE_DSHOW'
D:\PROJECT\CV\FaceFinder\cvconfig.h(65): warning C4005: 'HAVE_DSHOW': macro redefinition (compiling source file src\cap_mjpeg_encoder.cpp)
  src\cap_mjpeg_encoder.cpp: note: see previous definition of 'HAVE_DSHOW'
D:\PROJECT\CV\FaceFinder\cvconfig.h(65): warning C4005: 'HAVE_DSHOW': macro redefinition (compiling source file src\cap.cpp)
  src\cap.cpp: note: see previous definition of 'HAVE_DSHOW'
D:\PROJECT\CV\FaceFinder\cvconfig.h(65): warning C4005: 'HAVE_DSHOW': macro redefinition (compiling source file src\backend_static.cpp)
  src\backend_static.cpp: note: see previous definition of 'HAVE_DSHOW'
  backend_plugin.cpp
D:\PROJECT\CV\FaceFinder\cvconfig.h(65): warning C4005: 'HAVE_DSHOW': macro redefinition
  src\backend_plugin.cpp: note: see previous definition of 'HAVE_DSHOW'
  opencv_videoio_pch.cpp
D:\PROJECT\CV\FaceFinder\cvconfig.h(65): warning C4005: 'HAVE_DSHOW': macro redefinition
  opencv_videoio_pch.cpp: note: see previous definition of 'HAVE_DSHOW'
  opencv_videoio.vcxproj -> D:\PROJECT\CV\FaceFinder\lib\opencv450\modules\videoio\..\lib\Debug-x64\opencv_videoio450d.lib
